22:50:20:320  INFO 19104 --- [main] com.hmall.search.SearchApplication       : The following 1 profile is active: "local"
22:50:20:797  INFO 19104 --- [main] o.s.cloud.context.scope.GenericScope     : BeanFactory id=54b2d3af-0e33-3dbf-a648-2bf836dcb1fc
22:50:20:967  INFO 19104 --- [main] o.s.b.w.embedded.tomcat.TomcatWebServer  : Tomcat initialized with port(s): 8087 (http)
22:50:20:972  INFO 19104 --- [main] o.apache.catalina.core.StandardService   : Starting service [Tomcat]
22:50:20:973  INFO 19104 --- [main] org.apache.catalina.core.StandardEngine  : Starting Servlet engine: [Apache Tomcat/9.0.75]
22:50:21:053  INFO 19104 --- [main] o.a.c.c.C.[Tomcat].[localhost].[/]       : Initializing Spring embedded WebApplicationContext
22:50:21:053  INFO 19104 --- [main] w.s.c.ServletWebServerApplicationContext : Root WebApplicationContext: initialization completed in 726 ms
22:50:23:176  INFO 19104 --- [main] o.s.cloud.commons.util.InetUtils         : Cannot determine local hostname
22:50:23:197  INFO 19104 --- [main] pertySourcedRequestMappingHandlerMapping : Mapped URL path [/v2/api-docs] onto method [springfox.documentation.swagger2.web.Swagger2ControllerWebMvc#getDocumentation(String, HttpServletRequest)]
22:50:24:433  INFO 19104 --- [main] o.s.cloud.commons.util.InetUtils         : Cannot determine local hostname
22:50:24:562  INFO 19104 --- [main] com.alibaba.nacos.common.remote.client   : [RpcClientFactory] create a new rpc client of a063bb37-36bd-4105-a1ff-4e0d8f3639f4
22:50:24:562  INFO 19104 --- [main] com.alibaba.nacos.common.remote.client   : [a063bb37-36bd-4105-a1ff-4e0d8f3639f4] RpcClient init label, labels = {module=naming, source=sdk}
22:50:24:563  INFO 19104 --- [main] com.alibaba.nacos.common.remote.client   : [a063bb37-36bd-4105-a1ff-4e0d8f3639f4] RpcClient init, ServerListFactory = com.alibaba.nacos.client.naming.core.ServerListManager
22:50:24:563  INFO 19104 --- [main] com.alibaba.nacos.common.remote.client   : [a063bb37-36bd-4105-a1ff-4e0d8f3639f4] Registry connection listener to current client:com.alibaba.nacos.client.naming.remote.gprc.redo.NamingGrpcRedoService
22:50:24:563  INFO 19104 --- [main] com.alibaba.nacos.common.remote.client   : [a063bb37-36bd-4105-a1ff-4e0d8f3639f4] Register server push request handler:com.alibaba.nacos.client.naming.remote.gprc.NamingPushRequestHandler
22:50:24:563  INFO 19104 --- [main] com.alibaba.nacos.common.remote.client   : [a063bb37-36bd-4105-a1ff-4e0d8f3639f4] Try to connect to server on start up, server: {serverIp = '172.23.12.148', server main port = 8848}
22:50:24:680  INFO 19104 --- [main] com.alibaba.nacos.common.remote.client   : [a063bb37-36bd-4105-a1ff-4e0d8f3639f4] Success to connect to server [172.23.12.148:8848] on start up, connectionId = 1714402224573_172.23.0.1_61358
22:50:24:680  INFO 19104 --- [main] com.alibaba.nacos.common.remote.client   : [a063bb37-36bd-4105-a1ff-4e0d8f3639f4] Register server push request handler:com.alibaba.nacos.common.remote.client.RpcClient$ConnectResetRequestHandler
22:50:24:680  INFO 19104 --- [main] com.alibaba.nacos.common.remote.client   : [a063bb37-36bd-4105-a1ff-4e0d8f3639f4] Register server push request handler:com.alibaba.nacos.common.remote.client.RpcClient$$Lambda$471/0x0000000800433040
22:50:24:680  INFO 19104 --- [com.alibaba.nacos.client.remote.worker] com.alibaba.nacos.common.remote.client   : [a063bb37-36bd-4105-a1ff-4e0d8f3639f4] Notify connected event to listeners.
22:50:24:706  INFO 19104 --- [main] o.s.b.w.embedded.tomcat.TomcatWebServer  : Tomcat started on port(s): 8087 (http) with context path ''
22:50:24:711  INFO 19104 --- [main] c.a.c.n.registry.NacosServiceRegistry    : nacos registry, DEFAULT_GROUP essearch-service 192.168.65.1:8087 register finished
22:50:25:280  INFO 19104 --- [nacos-grpc-client-executor-6] com.alibaba.nacos.common.remote.client   : [a063bb37-36bd-4105-a1ff-4e0d8f3639f4] Receive server push request, request = NotifySubscriberRequest, requestId = 47
22:50:25:282  INFO 19104 --- [nacos-grpc-client-executor-6] com.alibaba.nacos.common.remote.client   : [a063bb37-36bd-4105-a1ff-4e0d8f3639f4] Ack server push request, request = NotifySubscriberRequest, requestId = 47
22:50:25:879  INFO 19104 --- [main] o.s.cloud.commons.util.InetUtils         : Cannot determine local hostname
22:50:25:879  INFO 19104 --- [main] d.s.w.p.DocumentationPluginsBootstrapper : Documentation plugins bootstrapped
22:50:25:881  INFO 19104 --- [main] d.s.w.p.DocumentationPluginsBootstrapper : Found 1 custom documentation plugin(s)
22:50:25:892  INFO 19104 --- [main] s.d.s.w.s.ApiListingReferenceScanner     : Scanning for api listing references
22:50:25:941  INFO 19104 --- [main] com.hmall.search.SearchApplication       : Started SearchApplication in 9.411 seconds (JVM running for 9.951)
22:50:25:943  INFO 19104 --- [main] c.a.c.n.refresh.NacosContextRefresher    : [Nacos Config] Listening config: dataId=essearch-service-local.yaml, group=DEFAULT_GROUP
22:50:25:944  INFO 19104 --- [main] c.a.c.n.refresh.NacosContextRefresher    : [Nacos Config] Listening config: dataId=essearch-service.yaml, group=DEFAULT_GROUP
22:50:25:944  INFO 19104 --- [main] c.a.c.n.refresh.NacosContextRefresher    : [Nacos Config] Listening config: dataId=essearch-service, group=DEFAULT_GROUP
23:09:59:310  WARN 19104 --- [Thread-1] c.a.n.common.http.HttpClientBeanHolder   : [HttpClientBeanHolder] Start destroying common HttpClient
23:09:59:310  WARN 19104 --- [Thread-5] c.a.nacos.common.notify.NotifyCenter     : [NotifyCenter] Start destroying Publisher
23:09:59:310  WARN 19104 --- [Thread-5] c.a.nacos.common.notify.NotifyCenter     : [NotifyCenter] Destruction of the end
23:09:59:310  WARN 19104 --- [Thread-1] c.a.n.common.http.HttpClientBeanHolder   : [HttpClientBeanHolder] Destruction of the end
23:09:59:434  INFO 19104 --- [SpringApplicationShutdownHook] c.a.c.n.registry.NacosServiceRegistry    : De-registering from Nacos Server now...
23:09:59:436  INFO 19104 --- [SpringApplicationShutdownHook] c.a.c.n.registry.NacosServiceRegistry    : De-registration finished.
23:09:59:764  INFO 19104 --- [SpringApplicationShutdownHook] com.alibaba.nacos.common.remote.client   : Shutdown rpc client, set status to shutdown
23:09:59:764  INFO 19104 --- [SpringApplicationShutdownHook] com.alibaba.nacos.common.remote.client   : Shutdown client event executor java.util.concurrent.ScheduledThreadPoolExecutor@347cdb01[Running, pool size = 2, active threads = 2, queued tasks = 0, completed tasks = 0]
23:09:59:764  INFO 19104 --- [SpringApplicationShutdownHook] com.alibaba.nacos.common.remote.client   : Close current connection 1714402224573_172.23.0.1_61358
23:09:59:765  INFO 19104 --- [nacos-grpc-client-executor-263] c.a.n.c.remote.client.grpc.GrpcClient    : [1714402224573_172.23.0.1_61358]Ignore complete event,isRunning:false,isAbandon=false
23:09:59:766  INFO 19104 --- [SpringApplicationShutdownHook] c.a.n.c.remote.client.grpc.GrpcClient    : Shutdown grpc executor java.util.concurrent.ThreadPoolExecutor@2eeb6db1[Running, pool size = 5, active threads = 0, queued tasks = 0, completed tasks = 264]
